2024/11/28 06:19:17 [notice] 1#1: using the "epoll" event method
2024/11/28 06:19:17 [notice] 1#1: nginx/1.27.3
2024/11/28 06:19:17 [notice] 1#1: built by gcc 12.2.0 (Debian 12.2.0-14) 
2024/11/28 06:19:17 [notice] 1#1: OS: Linux 6.10.0-linuxkit
2024/11/28 06:19:17 [notice] 1#1: getrlimit(RLIMIT_NOFILE): 1048576:1048576
2024/11/28 06:19:17 [notice] 1#1: start worker processes
2024/11/28 06:19:17 [notice] 1#1: start worker process 20
2024/11/28 06:19:17 [notice] 1#1: start worker process 21
2024/11/28 06:19:17 [notice] 1#1: start worker process 22
2024/11/28 06:19:17 [notice] 1#1: start worker process 23
2024/11/28 06:19:17 [notice] 1#1: start worker process 24
2024/11/28 06:19:17 [notice] 1#1: start worker process 25
2024/11/28 06:19:17 [notice] 1#1: start worker process 26
2024/11/28 06:19:17 [notice] 1#1: start worker process 27
2024/11/28 06:26:17 [notice] 1#1: signal 3 (SIGQUIT) received, shutting down
2024/11/28 06:26:17 [notice] 21#21: gracefully shutting down
2024/11/28 06:26:17 [notice] 20#20: gracefully shutting down
2024/11/28 06:26:17 [notice] 23#23: gracefully shutting down
2024/11/28 06:26:17 [notice] 22#22: gracefully shutting down
2024/11/28 06:26:17 [notice] 25#25: gracefully shutting down
2024/11/28 06:26:17 [notice] 24#24: gracefully shutting down
2024/11/28 06:26:17 [notice] 26#26: gracefully shutting down
2024/11/28 06:26:17 [notice] 24#24: exiting
2024/11/28 06:26:17 [notice] 21#21: exiting
2024/11/28 06:26:17 [notice] 27#27: gracefully shutting down
2024/11/28 06:26:17 [notice] 23#23: exiting
2024/11/28 06:26:17 [notice] 20#20: exiting
2024/11/28 06:26:17 [notice] 25#25: exiting
2024/11/28 06:26:17 [notice] 22#22: exiting
2024/11/28 06:26:17 [notice] 26#26: exiting
2024/11/28 06:26:17 [notice] 24#24: exit
2024/11/28 06:26:17 [notice] 23#23: exit
2024/11/28 06:26:17 [notice] 21#21: exit
2024/11/28 06:26:17 [notice] 27#27: exiting
2024/11/28 06:26:17 [notice] 20#20: exit
2024/11/28 06:26:17 [notice] 25#25: exit
2024/11/28 06:26:17 [notice] 27#27: exit
2024/11/28 06:26:17 [notice] 22#22: exit
2024/11/28 06:26:17 [notice] 26#26: exit
2024/11/28 06:26:17 [notice] 1#1: signal 17 (SIGCHLD) received from 26
2024/11/28 06:26:17 [notice] 1#1: worker process 26 exited with code 0
2024/11/28 06:26:17 [notice] 1#1: signal 29 (SIGIO) received
2024/11/28 06:26:17 [notice] 1#1: signal 17 (SIGCHLD) received from 25
2024/11/28 06:26:17 [notice] 1#1: worker process 21 exited with code 0
2024/11/28 06:26:17 [notice] 1#1: worker process 25 exited with code 0
2024/11/28 06:26:17 [notice] 1#1: worker process 27 exited with code 0
2024/11/28 06:26:17 [notice] 1#1: signal 29 (SIGIO) received
2024/11/28 06:26:17 [notice] 1#1: signal 17 (SIGCHLD) received from 21
2024/11/28 06:26:17 [notice] 1#1: signal 17 (SIGCHLD) received from 22
2024/11/28 06:26:17 [notice] 1#1: worker process 22 exited with code 0
2024/11/28 06:26:17 [notice] 1#1: worker process 20 exited with code 0
2024/11/28 06:26:17 [notice] 1#1: signal 29 (SIGIO) received
2024/11/28 06:26:17 [notice] 1#1: signal 17 (SIGCHLD) received from 20
2024/11/28 06:26:17 [notice] 1#1: signal 17 (SIGCHLD) received from 23
2024/11/28 06:26:17 [notice] 1#1: worker process 23 exited with code 0
2024/11/28 06:26:17 [notice] 1#1: worker process 24 exited with code 0
2024/11/28 06:26:17 [notice] 1#1: exit
2024/11/28 06:29:54 [notice] 1#1: using the "epoll" event method
2024/11/28 06:29:54 [notice] 1#1: nginx/1.27.3
2024/11/28 06:29:54 [notice] 1#1: built by gcc 12.2.0 (Debian 12.2.0-14) 
2024/11/28 06:29:54 [notice] 1#1: OS: Linux 6.10.0-linuxkit
2024/11/28 06:29:54 [notice] 1#1: getrlimit(RLIMIT_NOFILE): 1048576:1048576
2024/11/28 06:29:54 [notice] 1#1: start worker processes
2024/11/28 06:29:54 [notice] 1#1: start worker process 20
2024/11/28 06:29:54 [notice] 1#1: start worker process 21
2024/11/28 06:29:54 [notice] 1#1: start worker process 22
2024/11/28 06:29:54 [notice] 1#1: start worker process 23
2024/11/28 06:29:54 [notice] 1#1: start worker process 24
2024/11/28 06:29:54 [notice] 1#1: start worker process 25
2024/11/28 06:29:54 [notice] 1#1: start worker process 26
2024/11/28 06:29:54 [notice] 1#1: start worker process 27
2024/11/28 06:47:45 [notice] 1#1: signal 3 (SIGQUIT) received, shutting down
2024/11/28 06:47:45 [notice] 20#20: gracefully shutting down
2024/11/28 06:47:45 [notice] 21#21: gracefully shutting down
2024/11/28 06:47:45 [notice] 23#23: gracefully shutting down
2024/11/28 06:47:45 [notice] 22#22: gracefully shutting down
2024/11/28 06:47:45 [notice] 20#20: exiting
2024/11/28 06:47:45 [notice] 27#27: gracefully shutting down
2024/11/28 06:47:45 [notice] 24#24: gracefully shutting down
2024/11/28 06:47:45 [notice] 26#26: gracefully shutting down
2024/11/28 06:47:45 [notice] 21#21: exiting
2024/11/28 06:47:45 [notice] 25#25: gracefully shutting down
2024/11/28 06:47:45 [notice] 22#22: exiting
2024/11/28 06:47:45 [notice] 23#23: exiting
2024/11/28 06:47:45 [notice] 26#26: exiting
2024/11/28 06:47:45 [notice] 20#20: exit
2024/11/28 06:47:45 [notice] 27#27: exiting
2024/11/28 06:47:45 [notice] 21#21: exit
2024/11/28 06:47:45 [notice] 22#22: exit
2024/11/28 06:47:45 [notice] 24#24: exiting
2024/11/28 06:47:45 [notice] 23#23: exit
2024/11/28 06:47:45 [notice] 24#24: exit
2024/11/28 06:47:45 [notice] 26#26: exit
2024/11/28 06:47:45 [notice] 25#25: exiting
2024/11/28 06:47:45 [notice] 27#27: exit
2024/11/28 06:47:45 [notice] 25#25: exit
2024/11/28 06:47:45 [notice] 1#1: signal 17 (SIGCHLD) received from 24
2024/11/28 06:47:45 [notice] 1#1: worker process 24 exited with code 0
2024/11/28 06:47:45 [notice] 1#1: worker process 20 exited with code 0
2024/11/28 06:47:45 [notice] 1#1: worker process 23 exited with code 0
2024/11/28 06:47:45 [notice] 1#1: signal 29 (SIGIO) received
2024/11/28 06:47:45 [notice] 1#1: signal 17 (SIGCHLD) received from 20
2024/11/28 06:47:45 [notice] 1#1: signal 17 (SIGCHLD) received from 21
2024/11/28 06:47:45 [notice] 1#1: worker process 21 exited with code 0
2024/11/28 06:47:45 [notice] 1#1: worker process 22 exited with code 0
2024/11/28 06:47:45 [notice] 1#1: worker process 26 exited with code 0
2024/11/28 06:47:45 [notice] 1#1: worker process 27 exited with code 0
2024/11/28 06:47:45 [notice] 1#1: signal 29 (SIGIO) received
2024/11/28 06:47:45 [notice] 1#1: signal 17 (SIGCHLD) received from 26
2024/11/28 06:47:45 [notice] 1#1: signal 17 (SIGCHLD) received from 25
2024/11/28 06:47:45 [notice] 1#1: worker process 25 exited with code 0
2024/11/28 06:47:45 [notice] 1#1: exit
2024/11/28 06:59:23 [notice] 1#1: using the "epoll" event method
2024/11/28 06:59:23 [notice] 1#1: nginx/1.27.3
2024/11/28 06:59:23 [notice] 1#1: built by gcc 12.2.0 (Debian 12.2.0-14) 
2024/11/28 06:59:23 [notice] 1#1: OS: Linux 6.10.0-linuxkit
2024/11/28 06:59:23 [notice] 1#1: getrlimit(RLIMIT_NOFILE): 1048576:1048576
2024/11/28 06:59:23 [notice] 1#1: start worker processes
2024/11/28 06:59:23 [notice] 1#1: start worker process 20
2024/11/28 06:59:23 [notice] 1#1: start worker process 21
2024/11/28 06:59:23 [notice] 1#1: start worker process 22
2024/11/28 06:59:23 [notice] 1#1: start worker process 23
2024/11/28 06:59:23 [notice] 1#1: start worker process 24
2024/11/28 06:59:23 [notice] 1#1: start worker process 25
2024/11/28 06:59:23 [notice] 1#1: start worker process 26
2024/11/28 06:59:23 [notice] 1#1: start worker process 27
2024/11/28 07:32:27 [notice] 1#1: signal 3 (SIGQUIT) received, shutting down
2024/11/28 07:32:27 [notice] 21#21: gracefully shutting down
2024/11/28 07:32:27 [notice] 26#26: gracefully shutting down
2024/11/28 07:32:27 [notice] 27#27: gracefully shutting down
2024/11/28 07:32:27 [notice] 21#21: exiting
2024/11/28 07:32:27 [notice] 20#20: gracefully shutting down
2024/11/28 07:32:27 [notice] 24#24: gracefully shutting down
2024/11/28 07:32:27 [notice] 25#25: gracefully shutting down
2024/11/28 07:32:27 [notice] 23#23: gracefully shutting down
2024/11/28 07:32:27 [notice] 22#22: gracefully shutting down
2024/11/28 07:32:27 [notice] 26#26: exiting
2024/11/28 07:32:27 [notice] 20#20: exiting
2024/11/28 07:32:27 [notice] 21#21: exit
2024/11/28 07:32:27 [notice] 24#24: exiting
2024/11/28 07:32:27 [notice] 26#26: exit
2024/11/28 07:32:27 [notice] 22#22: exiting
2024/11/28 07:32:27 [notice] 25#25: exiting
2024/11/28 07:32:27 [notice] 23#23: exiting
2024/11/28 07:32:27 [notice] 20#20: exit
2024/11/28 07:32:27 [notice] 24#24: exit
2024/11/28 07:32:27 [notice] 22#22: exit
2024/11/28 07:32:27 [notice] 27#27: exiting
2024/11/28 07:32:27 [notice] 25#25: exit
2024/11/28 07:32:27 [notice] 23#23: exit
2024/11/28 07:32:27 [notice] 27#27: exit
2024/11/28 07:32:27 [notice] 1#1: signal 17 (SIGCHLD) received from 26
2024/11/28 07:32:27 [notice] 1#1: worker process 25 exited with code 0
2024/11/28 07:32:27 [notice] 1#1: worker process 26 exited with code 0
2024/11/28 07:32:27 [notice] 1#1: signal 29 (SIGIO) received
2024/11/28 07:32:27 [notice] 1#1: signal 17 (SIGCHLD) received from 27
2024/11/28 07:32:27 [notice] 1#1: worker process 27 exited with code 0
2024/11/28 07:32:27 [notice] 1#1: worker process 24 exited with code 0
2024/11/28 07:32:27 [notice] 1#1: worker process 22 exited with code 0
2024/11/28 07:32:27 [notice] 1#1: signal 29 (SIGIO) received
2024/11/28 07:32:27 [notice] 1#1: signal 17 (SIGCHLD) received from 24
2024/11/28 07:32:27 [notice] 1#1: worker process 20 exited with code 0
2024/11/28 07:32:27 [notice] 1#1: worker process 21 exited with code 0
2024/11/28 07:32:27 [notice] 1#1: signal 29 (SIGIO) received
2024/11/28 07:32:27 [notice] 1#1: signal 17 (SIGCHLD) received from 21
2024/11/28 07:32:27 [notice] 1#1: signal 17 (SIGCHLD) received from 23
2024/11/28 07:32:27 [notice] 1#1: worker process 23 exited with code 0
2024/11/28 07:32:27 [notice] 1#1: exit
2024/11/28 07:47:14 [notice] 1#1: using the "epoll" event method
2024/11/28 07:47:14 [notice] 1#1: nginx/1.27.3
2024/11/28 07:47:14 [notice] 1#1: built by gcc 12.2.0 (Debian 12.2.0-14) 
2024/11/28 07:47:14 [notice] 1#1: OS: Linux 6.10.0-linuxkit
2024/11/28 07:47:14 [notice] 1#1: getrlimit(RLIMIT_NOFILE): 1048576:1048576
2024/11/28 07:47:14 [notice] 1#1: start worker processes
2024/11/28 07:47:14 [notice] 1#1: start worker process 20
2024/11/28 07:47:14 [notice] 1#1: start worker process 21
2024/11/28 07:47:14 [notice] 1#1: start worker process 22
2024/11/28 07:47:14 [notice] 1#1: start worker process 23
2024/11/28 07:47:14 [notice] 1#1: start worker process 24
2024/11/28 07:47:14 [notice] 1#1: start worker process 25
2024/11/28 07:47:14 [notice] 1#1: start worker process 26
2024/11/28 07:47:14 [notice] 1#1: start worker process 27
2024/11/28 07:54:28 [notice] 1#1: signal 3 (SIGQUIT) received, shutting down
2024/11/28 07:54:28 [notice] 20#20: gracefully shutting down
2024/11/28 07:54:28 [notice] 27#27: gracefully shutting down
2024/11/28 07:54:28 [notice] 23#23: gracefully shutting down
2024/11/28 07:54:28 [notice] 22#22: gracefully shutting down
2024/11/28 07:54:28 [notice] 21#21: gracefully shutting down
2024/11/28 07:54:28 [notice] 22#22: exiting
2024/11/28 07:54:28 [notice] 26#26: gracefully shutting down
2024/11/28 07:54:28 [notice] 25#25: gracefully shutting down
2024/11/28 07:54:28 [notice] 24#24: gracefully shutting down
2024/11/28 07:54:28 [notice] 26#26: exiting
2024/11/28 07:54:28 [notice] 20#20: exiting
2024/11/28 07:54:28 [notice] 23#23: exiting
2024/11/28 07:54:28 [notice] 27#27: exiting
2024/11/28 07:54:28 [notice] 21#21: exiting
2024/11/28 07:54:28 [notice] 22#22: exit
2024/11/28 07:54:28 [notice] 20#20: exit
2024/11/28 07:54:28 [notice] 25#25: exiting
2024/11/28 07:54:28 [notice] 24#24: exiting
2024/11/28 07:54:28 [notice] 26#26: exit
2024/11/28 07:54:28 [notice] 23#23: exit
2024/11/28 07:54:28 [notice] 27#27: exit
2024/11/28 07:54:28 [notice] 21#21: exit
2024/11/28 07:54:28 [notice] 25#25: exit
2024/11/28 07:54:28 [notice] 24#24: exit
2024/11/28 07:54:28 [notice] 1#1: signal 17 (SIGCHLD) received from 27
2024/11/28 07:54:28 [notice] 1#1: worker process 22 exited with code 0
2024/11/28 07:54:28 [notice] 1#1: worker process 20 exited with code 0
2024/11/28 07:54:28 [notice] 1#1: worker process 23 exited with code 0
2024/11/28 07:54:28 [notice] 1#1: worker process 25 exited with code 0
2024/11/28 07:54:28 [notice] 1#1: worker process 26 exited with code 0
2024/11/28 07:54:28 [notice] 1#1: worker process 27 exited with code 0
2024/11/28 07:54:28 [notice] 1#1: signal 29 (SIGIO) received
2024/11/28 07:54:28 [notice] 1#1: signal 17 (SIGCHLD) received from 23
2024/11/28 07:54:28 [notice] 1#1: signal 17 (SIGCHLD) received from 21
2024/11/28 07:54:28 [notice] 1#1: worker process 21 exited with code 0
2024/11/28 07:54:28 [notice] 1#1: worker process 24 exited with code 0
2024/11/28 07:54:28 [notice] 1#1: exit
2024/11/28 07:54:30 [notice] 1#1: using the "epoll" event method
2024/11/28 07:54:30 [notice] 1#1: nginx/1.27.3
2024/11/28 07:54:30 [notice] 1#1: built by gcc 12.2.0 (Debian 12.2.0-14) 
2024/11/28 07:54:30 [notice] 1#1: OS: Linux 6.10.0-linuxkit
2024/11/28 07:54:30 [notice] 1#1: getrlimit(RLIMIT_NOFILE): 1048576:1048576
2024/11/28 07:54:30 [notice] 1#1: start worker processes
2024/11/28 07:54:30 [notice] 1#1: start worker process 20
2024/11/28 07:54:30 [notice] 1#1: start worker process 21
2024/11/28 07:54:30 [notice] 1#1: start worker process 22
2024/11/28 07:54:30 [notice] 1#1: start worker process 23
2024/11/28 07:54:30 [notice] 1#1: start worker process 24
2024/11/28 07:54:30 [notice] 1#1: start worker process 25
2024/11/28 07:54:30 [notice] 1#1: start worker process 26
2024/11/28 07:54:30 [notice] 1#1: start worker process 27
2024/11/28 07:54:37 [notice] 1#1: signal 3 (SIGQUIT) received, shutting down
2024/11/28 07:54:37 [notice] 20#20: gracefully shutting down
2024/11/28 07:54:37 [notice] 24#24: gracefully shutting down
2024/11/28 07:54:37 [notice] 23#23: gracefully shutting down
2024/11/28 07:54:37 [notice] 22#22: gracefully shutting down
2024/11/28 07:54:37 [notice] 21#21: gracefully shutting down
2024/11/28 07:54:37 [notice] 25#25: gracefully shutting down
2024/11/28 07:54:37 [notice] 25#25: exiting
2024/11/28 07:54:37 [notice] 27#27: gracefully shutting down
2024/11/28 07:54:37 [notice] 27#27: exiting
2024/11/28 07:54:37 [notice] 26#26: gracefully shutting down
2024/11/28 07:54:37 [notice] 20#20: exiting
2024/11/28 07:54:37 [notice] 24#24: exiting
2024/11/28 07:54:37 [notice] 23#23: exiting
2024/11/28 07:54:37 [notice] 22#22: exiting
2024/11/28 07:54:37 [notice] 21#21: exiting
2024/11/28 07:54:37 [notice] 25#25: exit
2024/11/28 07:54:37 [notice] 27#27: exit
2024/11/28 07:54:37 [notice] 20#20: exit
2024/11/28 07:54:37 [notice] 26#26: exiting
2024/11/28 07:54:37 [notice] 24#24: exit
2024/11/28 07:54:37 [notice] 23#23: exit
2024/11/28 07:54:37 [notice] 22#22: exit
2024/11/28 07:54:37 [notice] 21#21: exit
2024/11/28 07:54:37 [notice] 26#26: exit
2024/11/28 07:54:37 [notice] 1#1: signal 17 (SIGCHLD) received from 23
2024/11/28 07:54:37 [notice] 1#1: worker process 22 exited with code 0
2024/11/28 07:54:37 [notice] 1#1: worker process 20 exited with code 0
2024/11/28 07:54:37 [notice] 1#1: worker process 23 exited with code 0
2024/11/28 07:54:37 [notice] 1#1: worker process 24 exited with code 0
2024/11/28 07:54:37 [notice] 1#1: worker process 25 exited with code 0
2024/11/28 07:54:37 [notice] 1#1: worker process 26 exited with code 0
2024/11/28 07:54:37 [notice] 1#1: worker process 27 exited with code 0
2024/11/28 07:54:37 [notice] 1#1: signal 29 (SIGIO) received
2024/11/28 07:54:37 [notice] 1#1: signal 17 (SIGCHLD) received from 26
2024/11/28 07:54:37 [notice] 1#1: signal 17 (SIGCHLD) received from 21
2024/11/28 07:54:37 [notice] 1#1: worker process 21 exited with code 0
2024/11/28 07:54:37 [notice] 1#1: exit
2024/11/28 07:55:02 [notice] 1#1: using the "epoll" event method
2024/11/28 07:55:02 [notice] 1#1: nginx/1.27.3
2024/11/28 07:55:02 [notice] 1#1: built by gcc 12.2.0 (Debian 12.2.0-14) 
2024/11/28 07:55:02 [notice] 1#1: OS: Linux 6.10.0-linuxkit
2024/11/28 07:55:02 [notice] 1#1: getrlimit(RLIMIT_NOFILE): 1048576:1048576
2024/11/28 07:55:02 [notice] 1#1: start worker processes
2024/11/28 07:55:02 [notice] 1#1: start worker process 20
2024/11/28 07:55:02 [notice] 1#1: start worker process 21
2024/11/28 07:55:02 [notice] 1#1: start worker process 22
2024/11/28 07:55:02 [notice] 1#1: start worker process 23
2024/11/28 07:55:02 [notice] 1#1: start worker process 24
2024/11/28 07:55:02 [notice] 1#1: start worker process 25
2024/11/28 07:55:02 [notice] 1#1: start worker process 26
2024/11/28 07:55:02 [notice] 1#1: start worker process 27
2024/11/28 08:24:57 [notice] 1#1: signal 3 (SIGQUIT) received, shutting down
2024/11/28 08:24:57 [notice] 25#25: gracefully shutting down
2024/11/28 08:24:57 [notice] 24#24: gracefully shutting down
2024/11/28 08:24:57 [notice] 23#23: gracefully shutting down
2024/11/28 08:24:57 [notice] 22#22: gracefully shutting down
2024/11/28 08:24:57 [notice] 20#20: gracefully shutting down
2024/11/28 08:24:57 [notice] 26#26: gracefully shutting down
2024/11/28 08:24:57 [notice] 21#21: gracefully shutting down
2024/11/28 08:24:57 [notice] 27#27: gracefully shutting down
2024/11/28 08:24:57 [notice] 25#25: exiting
2024/11/28 08:24:57 [notice] 20#20: exiting
2024/11/28 08:24:57 [notice] 23#23: exiting
2024/11/28 08:24:57 [notice] 24#24: exiting
2024/11/28 08:24:57 [notice] 21#21: exiting
2024/11/28 08:24:57 [notice] 22#22: exiting
2024/11/28 08:24:57 [notice] 26#26: exiting
2024/11/28 08:24:57 [notice] 25#25: exit
2024/11/28 08:24:57 [notice] 20#20: exit
2024/11/28 08:24:57 [notice] 27#27: exiting
2024/11/28 08:24:57 [notice] 23#23: exit
2024/11/28 08:24:57 [notice] 21#21: exit
2024/11/28 08:24:57 [notice] 22#22: exit
2024/11/28 08:24:57 [notice] 26#26: exit
2024/11/28 08:24:57 [notice] 24#24: exit
2024/11/28 08:24:57 [notice] 27#27: exit
2024/11/28 08:24:57 [notice] 1#1: signal 17 (SIGCHLD) received from 23
2024/11/28 08:24:57 [notice] 1#1: worker process 23 exited with code 0
2024/11/28 08:24:57 [notice] 1#1: signal 29 (SIGIO) received
2024/11/28 08:24:57 [notice] 1#1: signal 17 (SIGCHLD) received from 24
2024/11/28 08:24:57 [notice] 1#1: worker process 21 exited with code 0
2024/11/28 08:24:57 [notice] 1#1: worker process 22 exited with code 0
2024/11/28 08:24:57 [notice] 1#1: worker process 24 exited with code 0
2024/11/28 08:24:57 [notice] 1#1: worker process 25 exited with code 0
2024/11/28 08:24:57 [notice] 1#1: worker process 26 exited with code 0
2024/11/28 08:24:57 [notice] 1#1: worker process 27 exited with code 0
2024/11/28 08:24:57 [notice] 1#1: signal 29 (SIGIO) received
2024/11/28 08:24:57 [notice] 1#1: signal 17 (SIGCHLD) received from 26
2024/11/28 08:24:57 [notice] 1#1: signal 17 (SIGCHLD) received from 20
2024/11/28 08:24:57 [notice] 1#1: worker process 20 exited with code 0
2024/11/28 08:24:57 [notice] 1#1: exit
2024/11/28 08:27:04 [notice] 1#1: using the "epoll" event method
2024/11/28 08:27:04 [notice] 1#1: nginx/1.27.3
2024/11/28 08:27:04 [notice] 1#1: built by gcc 12.2.0 (Debian 12.2.0-14) 
2024/11/28 08:27:04 [notice] 1#1: OS: Linux 6.10.0-linuxkit
2024/11/28 08:27:04 [notice] 1#1: getrlimit(RLIMIT_NOFILE): 1048576:1048576
2024/11/28 08:27:04 [notice] 1#1: start worker processes
2024/11/28 08:27:04 [notice] 1#1: start worker process 19
2024/11/28 08:27:04 [notice] 1#1: start worker process 20
2024/11/28 08:27:04 [notice] 1#1: start worker process 21
2024/11/28 08:27:04 [notice] 1#1: start worker process 22
2024/11/28 08:27:04 [notice] 1#1: start worker process 23
2024/11/28 08:27:04 [notice] 1#1: start worker process 24
2024/11/28 08:27:04 [notice] 1#1: start worker process 25
2024/11/28 08:27:04 [notice] 1#1: start worker process 26
2024/11/28 08:49:30 [notice] 1#1: signal 3 (SIGQUIT) received, shutting down
2024/11/28 08:49:30 [notice] 19#19: gracefully shutting down
2024/11/28 08:49:30 [notice] 20#20: gracefully shutting down
2024/11/28 08:49:30 [notice] 23#23: gracefully shutting down
2024/11/28 08:49:30 [notice] 25#25: gracefully shutting down
2024/11/28 08:49:30 [notice] 21#21: gracefully shutting down
2024/11/28 08:49:30 [notice] 24#24: gracefully shutting down
2024/11/28 08:49:30 [notice] 26#26: gracefully shutting down
2024/11/28 08:49:30 [notice] 21#21: exiting
2024/11/28 08:49:30 [notice] 22#22: gracefully shutting down
2024/11/28 08:49:30 [notice] 25#25: exiting
2024/11/28 08:49:30 [notice] 20#20: exiting
2024/11/28 08:49:30 [notice] 23#23: exiting
2024/11/28 08:49:30 [notice] 19#19: exiting
2024/11/28 08:49:30 [notice] 24#24: exiting
2024/11/28 08:49:30 [notice] 26#26: exiting
2024/11/28 08:49:30 [notice] 22#22: exiting
2024/11/28 08:49:30 [notice] 25#25: exit
2024/11/28 08:49:30 [notice] 21#21: exit
2024/11/28 08:49:30 [notice] 20#20: exit
2024/11/28 08:49:30 [notice] 23#23: exit
2024/11/28 08:49:30 [notice] 19#19: exit
2024/11/28 08:49:30 [notice] 24#24: exit
2024/11/28 08:49:30 [notice] 26#26: exit
2024/11/28 08:49:30 [notice] 22#22: exit
2024/11/28 08:49:31 [notice] 1#1: signal 17 (SIGCHLD) received from 26
2024/11/28 08:49:31 [notice] 1#1: worker process 20 exited with code 0
2024/11/28 08:49:31 [notice] 1#1: worker process 21 exited with code 0
2024/11/28 08:49:31 [notice] 1#1: worker process 23 exited with code 0
2024/11/28 08:49:31 [notice] 1#1: worker process 24 exited with code 0
2024/11/28 08:49:31 [notice] 1#1: worker process 25 exited with code 0
2024/11/28 08:49:31 [notice] 1#1: worker process 26 exited with code 0
2024/11/28 08:49:31 [notice] 1#1: signal 29 (SIGIO) received
2024/11/28 08:49:31 [notice] 1#1: signal 17 (SIGCHLD) received from 25
2024/11/28 08:49:31 [notice] 1#1: signal 17 (SIGCHLD) received from 19
2024/11/28 08:49:31 [notice] 1#1: worker process 19 exited with code 0
2024/11/28 08:49:31 [notice] 1#1: signal 17 (SIGCHLD) received from 22
2024/11/28 08:49:31 [notice] 1#1: worker process 22 exited with code 0
2024/11/28 08:49:31 [notice] 1#1: exit
2024/11/28 08:51:08 [notice] 1#1: using the "epoll" event method
2024/11/28 08:51:08 [notice] 1#1: nginx/1.27.3
2024/11/28 08:51:08 [notice] 1#1: built by gcc 12.2.0 (Debian 12.2.0-14) 
2024/11/28 08:51:08 [notice] 1#1: OS: Linux 6.10.0-linuxkit
2024/11/28 08:51:08 [notice] 1#1: getrlimit(RLIMIT_NOFILE): 1048576:1048576
2024/11/28 08:51:08 [notice] 1#1: start worker processes
2024/11/28 08:51:08 [notice] 1#1: start worker process 20
2024/11/28 08:51:08 [notice] 1#1: start worker process 21
2024/11/28 08:51:08 [notice] 1#1: start worker process 22
2024/11/28 08:51:08 [notice] 1#1: start worker process 23
2024/11/28 08:51:08 [notice] 1#1: start worker process 24
2024/11/28 08:51:08 [notice] 1#1: start worker process 25
2024/11/28 08:51:08 [notice] 1#1: start worker process 26
2024/11/28 08:51:08 [notice] 1#1: start worker process 27
2024/11/28 09:01:55 [notice] 1#1: signal 3 (SIGQUIT) received, shutting down
2024/11/28 09:01:55 [notice] 23#23: gracefully shutting down
2024/11/28 09:01:55 [notice] 22#22: gracefully shutting down
2024/11/28 09:01:55 [notice] 20#20: gracefully shutting down
2024/11/28 09:01:55 [notice] 21#21: gracefully shutting down
2024/11/28 09:01:55 [notice] 24#24: gracefully shutting down
2024/11/28 09:01:55 [notice] 25#25: gracefully shutting down
2024/11/28 09:01:55 [notice] 26#26: gracefully shutting down
2024/11/28 09:01:55 [notice] 27#27: gracefully shutting down
2024/11/28 09:01:55 [notice] 22#22: exiting
2024/11/28 09:01:55 [notice] 23#23: exiting
2024/11/28 09:01:55 [notice] 24#24: exiting
2024/11/28 09:01:55 [notice] 21#21: exiting
2024/11/28 09:01:55 [notice] 26#26: exiting
2024/11/28 09:01:55 [notice] 20#20: exiting
2024/11/28 09:01:55 [notice] 27#27: exiting
2024/11/28 09:01:55 [notice] 25#25: exiting
2024/11/28 09:01:55 [notice] 23#23: exit
2024/11/28 09:01:55 [notice] 20#20: exit
2024/11/28 09:01:55 [notice] 22#22: exit
2024/11/28 09:01:55 [notice] 24#24: exit
2024/11/28 09:01:55 [notice] 21#21: exit
2024/11/28 09:01:55 [notice] 26#26: exit
2024/11/28 09:01:55 [notice] 25#25: exit
2024/11/28 09:01:55 [notice] 27#27: exit
2024/11/28 09:01:55 [notice] 1#1: signal 17 (SIGCHLD) received from 22
2024/11/28 09:01:55 [notice] 1#1: worker process 20 exited with code 0
2024/11/28 09:01:55 [notice] 1#1: worker process 22 exited with code 0
2024/11/28 09:01:55 [notice] 1#1: worker process 23 exited with code 0
2024/11/28 09:01:55 [notice] 1#1: worker process 25 exited with code 0
2024/11/28 09:01:55 [notice] 1#1: signal 29 (SIGIO) received
2024/11/28 09:01:55 [notice] 1#1: signal 17 (SIGCHLD) received from 20
2024/11/28 09:01:55 [notice] 1#1: signal 17 (SIGCHLD) received from 24
2024/11/28 09:01:55 [notice] 1#1: worker process 24 exited with code 0
2024/11/28 09:01:55 [notice] 1#1: signal 29 (SIGIO) received
2024/11/28 09:01:55 [notice] 1#1: signal 17 (SIGCHLD) received from 21
2024/11/28 09:01:55 [notice] 1#1: worker process 21 exited with code 0
2024/11/28 09:01:55 [notice] 1#1: signal 29 (SIGIO) received
2024/11/28 09:01:55 [notice] 1#1: signal 17 (SIGCHLD) received from 26
2024/11/28 09:01:55 [notice] 1#1: worker process 26 exited with code 0
2024/11/28 09:01:55 [notice] 1#1: signal 29 (SIGIO) received
2024/11/28 09:01:55 [notice] 1#1: signal 17 (SIGCHLD) received from 27
2024/11/28 09:01:55 [notice] 1#1: worker process 27 exited with code 0
2024/11/28 09:01:55 [notice] 1#1: exit
2024/11/28 09:10:53 [notice] 1#1: using the "epoll" event method
2024/11/28 09:10:53 [notice] 1#1: nginx/1.27.3
2024/11/28 09:10:53 [notice] 1#1: built by gcc 12.2.0 (Debian 12.2.0-14) 
2024/11/28 09:10:53 [notice] 1#1: OS: Linux 6.10.0-linuxkit
2024/11/28 09:10:53 [notice] 1#1: getrlimit(RLIMIT_NOFILE): 1048576:1048576
2024/11/28 09:10:53 [notice] 1#1: start worker processes
2024/11/28 09:10:53 [notice] 1#1: start worker process 20
2024/11/28 09:10:53 [notice] 1#1: start worker process 21
2024/11/28 09:10:53 [notice] 1#1: start worker process 22
2024/11/28 09:10:53 [notice] 1#1: start worker process 23
2024/11/28 09:10:53 [notice] 1#1: start worker process 24
2024/11/28 09:10:53 [notice] 1#1: start worker process 25
2024/11/28 09:10:53 [notice] 1#1: start worker process 26
2024/11/28 09:10:53 [notice] 1#1: start worker process 27
2024/11/28 09:18:26 [notice] 1#1: signal 3 (SIGQUIT) received, shutting down
2024/11/28 09:18:26 [notice] 20#20: gracefully shutting down
2024/11/28 09:18:26 [notice] 23#23: gracefully shutting down
2024/11/28 09:18:26 [notice] 22#22: gracefully shutting down
2024/11/28 09:18:26 [notice] 27#27: gracefully shutting down
2024/11/28 09:18:26 [notice] 21#21: gracefully shutting down
2024/11/28 09:18:26 [notice] 26#26: gracefully shutting down
2024/11/28 09:18:26 [notice] 27#27: exiting
2024/11/28 09:18:26 [notice] 25#25: gracefully shutting down
2024/11/28 09:18:26 [notice] 20#20: exiting
2024/11/28 09:18:26 [notice] 24#24: gracefully shutting down
2024/11/28 09:18:26 [notice] 23#23: exiting
2024/11/28 09:18:26 [notice] 22#22: exiting
2024/11/28 09:18:26 [notice] 21#21: exiting
2024/11/28 09:18:26 [notice] 22#22: exit
2024/11/28 09:18:26 [notice] 26#26: exiting
2024/11/28 09:18:26 [notice] 27#27: exit
2024/11/28 09:18:26 [notice] 25#25: exiting
2024/11/28 09:18:26 [notice] 20#20: exit
2024/11/28 09:18:26 [notice] 24#24: exiting
2024/11/28 09:18:26 [notice] 23#23: exit
2024/11/28 09:18:26 [notice] 21#21: exit
2024/11/28 09:18:26 [notice] 26#26: exit
2024/11/28 09:18:26 [notice] 25#25: exit
2024/11/28 09:18:26 [notice] 24#24: exit
2024/11/28 09:18:26 [notice] 1#1: signal 17 (SIGCHLD) received from 27
2024/11/28 09:18:26 [notice] 1#1: worker process 20 exited with code 0
2024/11/28 09:18:26 [notice] 1#1: worker process 27 exited with code 0
2024/11/28 09:18:26 [notice] 1#1: signal 29 (SIGIO) received
2024/11/28 09:18:26 [notice] 1#1: signal 17 (SIGCHLD) received from 20
2024/11/28 09:18:26 [notice] 1#1: signal 17 (SIGCHLD) received from 24
2024/11/28 09:18:26 [notice] 1#1: worker process 21 exited with code 0
2024/11/28 09:18:26 [notice] 1#1: worker process 22 exited with code 0
2024/11/28 09:18:26 [notice] 1#1: worker process 23 exited with code 0
2024/11/28 09:18:26 [notice] 1#1: worker process 24 exited with code 0
2024/11/28 09:18:26 [notice] 1#1: worker process 25 exited with code 0
2024/11/28 09:18:26 [notice] 1#1: worker process 26 exited with code 0
2024/11/28 09:18:26 [notice] 1#1: exit
